This file contains any messages produced by compilers while
running configure, to aid debugging if configure makes a mistake.

It was created by PrinterUtility configure 1.0.2, which was
generated by GNU Autoconf 2.65.  Invocation command line was

  $ ./configure 

## --------- ##
## Platform. ##
## --------- ##

hostname = build
uname -m = i686
uname -r = 2.6.32-74-generic
uname -s = Linux
uname -v = #142-Ubuntu SMP Tue Apr 28 10:02:35 UTC 2015

/usr/bin/uname -p = unknown
/bin/uname -X     = unknown

/bin/arch              = unknown
/usr/bin/arch -k       = unknown
/usr/convex/getsysinfo = unknown
/usr/bin/hostinfo      = unknown
/bin/machine           = unknown
/usr/bin/oslevel       = unknown
/bin/universe          = unknown

PATH: /home/epson/bin
PATH: /usr/local/sbin
PATH: /usr/local/bin
PATH: /usr/sbin
PATH: /usr/bin
PATH: /sbin
PATH: /bin
PATH: /usr/games
PATH: /home/epson/LSB.LFP/tool/printer-info
PATH: /home/epson/LSB.LFP/tool/rename
PATH: /home/epson/LSB.LFP/tool/rpmtodeb


## ----------- ##
## Core tests. ##
## ----------- ##

configure:2679: checking for a BSD-compatible install
configure:2747: result: /usr/bin/install -c
configure:2758: checking whether build environment is sane
configure:2808: result: yes
configure:2949: checking for a thread-safe mkdir -p
configure:2988: result: /bin/mkdir -p
configure:3001: checking for gawk
configure:3017: found /usr/bin/gawk
configure:3028: result: gawk
configure:3039: checking whether make sets $(MAKE)
configure:3061: result: yes
configure:3358: checking build system type
configure:3372: result: i686-pc-linux-gnu
configure:3392: checking host system type
configure:3405: result: i686-pc-linux-gnu
configure:3437: checking for style of include used by make
configure:3465: result: GNU
configure:3535: checking for gcc
configure:3562: result: /opt/lsb/bin/lsbc++
configure:3791: checking for C compiler version
configure:3800: /opt/lsb/bin/lsbc++ --version >&5
c++ (Ubuntu 4.4.3-4ubuntu5.1) 4.4.3
Copyright (C) 2009 Free Software Foundation, Inc.
This is free software; see the source for copying conditions.  There is NO
warranty; not even for MERCHANTABILITY or FITNESS FOR A PARTICULAR PURPOSE.

configure:3811: $? = 0
configure:3800: /opt/lsb/bin/lsbc++ -v >&5
Using built-in specs.
Target: i486-linux-gnu
Configured with: ../src/configure -v --with-pkgversion='Ubuntu 4.4.3-4ubuntu5.1' --with-bugurl=file:///usr/share/doc/gcc-4.4/README.Bugs --enable-languages=c,c++,fortran,objc,obj-c++ --prefix=/usr --enable-shared --enable-multiarch --enable-linker-build-id --with-system-zlib --libexecdir=/usr/lib --without-included-gettext --enable-threads=posix --with-gxx-include-dir=/usr/include/c++/4.4 --program-suffix=-4.4 --enable-nls --enable-clocale=gnu --enable-libstdcxx-debug --enable-plugin --enable-objc-gc --enable-targets=all --disable-werror --with-arch-32=i486 --with-tune=generic --enable-checking=release --build=i486-linux-gnu --host=i486-linux-gnu --target=i486-linux-gnu
Thread model: posix
gcc version 4.4.3 (Ubuntu 4.4.3-4ubuntu5.1) 
configure:3811: $? = 0
configure:3800: /opt/lsb/bin/lsbc++ -V >&5
c++: '-V' must come at the start of the command line
configure:3811: $? = 1
configure:3800: /opt/lsb/bin/lsbc++ -qversion >&5
c++: unrecognized option '-qversion'
/usr/lib/gcc/i486-linux-gnu/4.4.3/../../../../lib/crt1.o: In function `_start':
(.text+0x18): undefined reference to `main'
collect2: ld returned 1 exit status
configure:3811: $? = 1
configure:3831: checking whether the C compiler works
configure:3853: /opt/lsb/bin/lsbc++    conftest.c  >&5
configure:3857: $? = 0
configure:3906: result: yes
configure:3909: checking for C compiler default output file name
configure:3911: result: a.out
configure:3917: checking for suffix of executables
configure:3924: /opt/lsb/bin/lsbc++ -o conftest    conftest.c  >&5
configure:3928: $? = 0
configure:3950: result: 
configure:3972: checking whether we are cross compiling
configure:3980: /opt/lsb/bin/lsbc++ -o conftest    conftest.c  >&5
configure:3984: $? = 0
configure:3991: ./conftest
configure:3995: $? = 0
configure:4010: result: no
configure:4015: checking for suffix of object files
configure:4037: /opt/lsb/bin/lsbc++ -c   conftest.c >&5
configure:4041: $? = 0
configure:4062: result: o
configure:4066: checking whether we are using the GNU C compiler
configure:4085: /opt/lsb/bin/lsbc++ -c   conftest.c >&5
configure:4085: $? = 0
configure:4094: result: yes
configure:4103: checking whether /opt/lsb/bin/lsbc++ accepts -g
configure:4123: /opt/lsb/bin/lsbc++ -c -g  conftest.c >&5
configure:4123: $? = 0
configure:4164: result: yes
configure:4181: checking for /opt/lsb/bin/lsbc++ option to accept ISO C89
configure:4245: /opt/lsb/bin/lsbc++  -c -g -O2  conftest.c >&5
conftest.c:25: error: 'p' was not declared in this scope
conftest.c:25: error: 'i' was not declared in this scope
conftest.c:25: error: initializer expression list treated as compound expression
conftest.c:26: error: expected ',' or ';' before 'char'
conftest.c:28: error: expected unqualified-id before '{' token
conftest.c: In function 'int main()':
conftest.c:64: error: cannot convert 'char*' to 'char* (*)(char**, int)' for argument '1' to 'char* f(char* (*)(char**, int), char**, ...)'
conftest.c:64: error: cannot convert 'char*' to 'char* (*)(char**, int)' for argument '1' to 'char* f(char* (*)(char**, int), char**, ...)'
configure:4245: $? = 1
configure: failed program was:
| /* confdefs.h */
| #define PACKAGE_NAME "PrinterUtility"
| #define PACKAGE_TARNAME "printerutility"
| #define PACKAGE_VERSION "1.0.2"
| #define PACKAGE_STRING "PrinterUtility 1.0.2"
| #define PACKAGE_BUGREPORT "epson@localdomain"
| #define PACKAGE_URL ""
| #define PACKAGE "printerutility"
| #define VERSION "1.0.2"
| #define PACKAGE "printerutility"
| #define VERSION "1.0.2"
| #define LIBUSB_MAJOR_VERSION 0
| #define LIBUSB_MINOR_VERSION 1
| #define LIBUSB_MICRO_VERSION 12
| #define LIBUSB_INTERFACE_AGE 4
| #define LIBUSB_BINARY_AGE 8
| /* end confdefs.h.  */
| #include <stdarg.h>
| #include <stdio.h>
| #include <sys/types.h>
| #include <sys/stat.h>
| /* Most of the following tests are stolen from RCS 5.7's src/conf.sh.  */
| struct buf { int x; };
| FILE * (*rcsopen) (struct buf *, struct stat *, int);
| static char *e (p, i)
|      char **p;
|      int i;
| {
|   return p[i];
| }
| static char *f (char * (*g) (char **, int), char **p, ...)
| {
|   char *s;
|   va_list v;
|   va_start (v,p);
|   s = g (p, va_arg (v,int));
|   va_end (v);
|   return s;
| }
| 
| /* OSF 4.0 Compaq cc is some sort of almost-ANSI by default.  It has
|    function prototypes and stuff, but not '\xHH' hex character constants.
|    These don't provoke an error unfortunately, instead are silently treated
|    as 'x'.  The following induces an error, until -std is added to get
|    proper ANSI mode.  Curiously '\x00'!='x' always comes out true, for an
|    array size at least.  It's necessary to write '\x00'==0 to get something
|    that's true only with -std.  */
| int osf4_cc_array ['\x00' == 0 ? 1 : -1];
| 
| /* IBM C 6 for AIX is almost-ANSI by default, but it replaces macro parameters
|    inside strings and character constants.  */
| #define FOO(x) 'x'
| int xlc6_cc_array[FOO(a) == 'x' ? 1 : -1];
| 
| int test (int i, double x);
| struct s1 {int (*f) (int a);};
| struct s2 {int (*f) (double a);};
| int pairnames (int, char **, FILE *(*)(struct buf *, struct stat *, int), int, int);
| int argc;
| char **argv;
| int
| main ()
| {
| return f (e, argv, 0) != argv[0]  ||  f (e, argv, 1) != argv[1];
|   ;
|   return 0;
| }
configure:4245: /opt/lsb/bin/lsbc++ -qlanglvl=extc89 -c -g -O2  conftest.c >&5
c++: unrecognized option '-qlanglvl=extc89'
conftest.c:25: error: 'p' was not declared in this scope
conftest.c:25: error: 'i' was not declared in this scope
conftest.c:25: error: initializer expression list treated as compound expression
conftest.c:26: error: expected ',' or ';' before 'char'
conftest.c:28: error: expected unqualified-id before '{' token
conftest.c: In function 'int main()':
conftest.c:64: error: cannot convert 'char*' to 'char* (*)(char**, int)' for argument '1' to 'char* f(char* (*)(char**, int), char**, ...)'
conftest.c:64: error: cannot convert 'char*' to 'char* (*)(char**, int)' for argument '1' to 'char* f(char* (*)(char**, int), char**, ...)'
configure:4245: $? = 1
configure: failed program was:
| /* confdefs.h */
| #define PACKAGE_NAME "PrinterUtility"
| #define PACKAGE_TARNAME "printerutility"
| #define PACKAGE_VERSION "1.0.2"
| #define PACKAGE_STRING "PrinterUtility 1.0.2"
| #define PACKAGE_BUGREPORT "epson@localdomain"
| #define PACKAGE_URL ""
| #define PACKAGE "printerutility"
| #define VERSION "1.0.2"
| #define PACKAGE "printerutility"
| #define VERSION "1.0.2"
| #define LIBUSB_MAJOR_VERSION 0
| #define LIBUSB_MINOR_VERSION 1
| #define LIBUSB_MICRO_VERSION 12
| #define LIBUSB_INTERFACE_AGE 4
| #define LIBUSB_BINARY_AGE 8
| /* end confdefs.h.  */
| #include <stdarg.h>
| #include <stdio.h>
| #include <sys/types.h>
| #include <sys/stat.h>
| /* Most of the following tests are stolen from RCS 5.7's src/conf.sh.  */
| struct buf { int x; };
| FILE * (*rcsopen) (struct buf *, struct stat *, int);
| static char *e (p, i)
|      char **p;
|      int i;
| {
|   return p[i];
| }
| static char *f (char * (*g) (char **, int), char **p, ...)
| {
|   char *s;
|   va_list v;
|   va_start (v,p);
|   s = g (p, va_arg (v,int));
|   va_end (v);
|   return s;
| }
| 
| /* OSF 4.0 Compaq cc is some sort of almost-ANSI by default.  It has
|    function prototypes and stuff, but not '\xHH' hex character constants.
|    These don't provoke an error unfortunately, instead are silently treated
|    as 'x'.  The following induces an error, until -std is added to get
|    proper ANSI mode.  Curiously '\x00'!='x' always comes out true, for an
|    array size at least.  It's necessary to write '\x00'==0 to get something
|    that's true only with -std.  */
| int osf4_cc_array ['\x00' == 0 ? 1 : -1];
| 
| /* IBM C 6 for AIX is almost-ANSI by default, but it replaces macro parameters
|    inside strings and character constants.  */
| #define FOO(x) 'x'
| int xlc6_cc_array[FOO(a) == 'x' ? 1 : -1];
| 
| int test (int i, double x);
| struct s1 {int (*f) (int a);};
| struct s2 {int (*f) (double a);};
| int pairnames (int, char **, FILE *(*)(struct buf *, struct stat *, int), int, int);
| int argc;
| char **argv;
| int
| main ()
| {
| return f (e, argv, 0) != argv[0]  ||  f (e, argv, 1) != argv[1];
|   ;
|   return 0;
| }
configure:4245: /opt/lsb/bin/lsbc++ -qlanglvl=ansi -c -g -O2  conftest.c >&5
c++: unrecognized option '-qlanglvl=ansi'
conftest.c:25: error: 'p' was not declared in this scope
conftest.c:25: error: 'i' was not declared in this scope
conftest.c:25: error: initializer expression list treated as compound expression
conftest.c:26: error: expected ',' or ';' before 'char'
conftest.c:28: error: expected unqualified-id before '{' token
conftest.c: In function 'int main()':
conftest.c:64: error: cannot convert 'char*' to 'char* (*)(char**, int)' for argument '1' to 'char* f(char* (*)(char**, int), char**, ...)'
conftest.c:64: error: cannot convert 'char*' to 'char* (*)(char**, int)' for argument '1' to 'char* f(char* (*)(char**, int), char**, ...)'
configure:4245: $? = 1
configure: failed program was:
| /* confdefs.h */
| #define PACKAGE_NAME "PrinterUtility"
| #define PACKAGE_TARNAME "printerutility"
| #define PACKAGE_VERSION "1.0.2"
| #define PACKAGE_STRING "PrinterUtility 1.0.2"
| #define PACKAGE_BUGREPORT "epson@localdomain"
| #define PACKAGE_URL ""
| #define PACKAGE "printerutility"
| #define VERSION "1.0.2"
| #define PACKAGE "printerutility"
| #define VERSION "1.0.2"
| #define LIBUSB_MAJOR_VERSION 0
| #define LIBUSB_MINOR_VERSION 1
| #define LIBUSB_MICRO_VERSION 12
| #define LIBUSB_INTERFACE_AGE 4
| #define LIBUSB_BINARY_AGE 8
| /* end confdefs.h.  */
| #include <stdarg.h>
| #include <stdio.h>
| #include <sys/types.h>
| #include <sys/stat.h>
| /* Most of the following tests are stolen from RCS 5.7's src/conf.sh.  */
| struct buf { int x; };
| FILE * (*rcsopen) (struct buf *, struct stat *, int);
| static char *e (p, i)
|      char **p;
|      int i;
| {
|   return p[i];
| }
| static char *f (char * (*g) (char **, int), char **p, ...)
| {
|   char *s;
|   va_list v;
|   va_start (v,p);
|   s = g (p, va_arg (v,int));
|   va_end (v);
|   return s;
| }
| 
| /* OSF 4.0 Compaq cc is some sort of almost-ANSI by default.  It has
|    function prototypes and stuff, but not '\xHH' hex character constants.
|    These don't provoke an error unfortunately, instead are silently treated
|    as 'x'.  The following induces an error, until -std is added to get
|    proper ANSI mode.  Curiously '\x00'!='x' always comes out true, for an
|    array size at least.  It's necessary to write '\x00'==0 to get something
|    that's true only with -std.  */
| int osf4_cc_array ['\x00' == 0 ? 1 : -1];
| 
| /* IBM C 6 for AIX is almost-ANSI by default, but it replaces macro parameters
|    inside strings and character constants.  */
| #define FOO(x) 'x'
| int xlc6_cc_array[FOO(a) == 'x' ? 1 : -1];
| 
| int test (int i, double x);
| struct s1 {int (*f) (int a);};
| struct s2 {int (*f) (double a);};
| int pairnames (int, char **, FILE *(*)(struct buf *, struct stat *, int), int, int);
| int argc;
| char **argv;
| int
| main ()
| {
| return f (e, argv, 0) != argv[0]  ||  f (e, argv, 1) != argv[1];
|   ;
|   return 0;
| }
configure:4245: /opt/lsb/bin/lsbc++ -std -c -g -O2  conftest.c >&5
cc1plus: error: unrecognized command line option "-std"
configure:4245: $? = 1
configure: failed program was:
| /* confdefs.h */
| #define PACKAGE_NAME "PrinterUtility"
| #define PACKAGE_TARNAME "printerutility"
| #define PACKAGE_VERSION "1.0.2"
| #define PACKAGE_STRING "PrinterUtility 1.0.2"
| #define PACKAGE_BUGREPORT "epson@localdomain"
| #define PACKAGE_URL ""
| #define PACKAGE "printerutility"
| #define VERSION "1.0.2"
| #define PACKAGE "printerutility"
| #define VERSION "1.0.2"
| #define LIBUSB_MAJOR_VERSION 0
| #define LIBUSB_MINOR_VERSION 1
| #define LIBUSB_MICRO_VERSION 12
| #define LIBUSB_INTERFACE_AGE 4
| #define LIBUSB_BINARY_AGE 8
| /* end confdefs.h.  */
| #include <stdarg.h>
| #include <stdio.h>
| #include <sys/types.h>
| #include <sys/stat.h>
| /* Most of the following tests are stolen from RCS 5.7's src/conf.sh.  */
| struct buf { int x; };
| FILE * (*rcsopen) (struct buf *, struct stat *, int);
| static char *e (p, i)
|      char **p;
|      int i;
| {
|   return p[i];
| }
| static char *f (char * (*g) (char **, int), char **p, ...)
| {
|   char *s;
|   va_list v;
|   va_start (v,p);
|   s = g (p, va_arg (v,int));
|   va_end (v);
|   return s;
| }
| 
| /* OSF 4.0 Compaq cc is some sort of almost-ANSI by default.  It has
|    function prototypes and stuff, but not '\xHH' hex character constants.
|    These don't provoke an error unfortunately, instead are silently treated
|    as 'x'.  The following induces an error, until -std is added to get
|    proper ANSI mode.  Curiously '\x00'!='x' always comes out true, for an
|    array size at least.  It's necessary to write '\x00'==0 to get something
|    that's true only with -std.  */
| int osf4_cc_array ['\x00' == 0 ? 1 : -1];
| 
| /* IBM C 6 for AIX is almost-ANSI by default, but it replaces macro parameters
|    inside strings and character constants.  */
| #define FOO(x) 'x'
| int xlc6_cc_array[FOO(a) == 'x' ? 1 : -1];
| 
| int test (int i, double x);
| struct s1 {int (*f) (int a);};
| struct s2 {int (*f) (double a);};
| int pairnames (int, char **, FILE *(*)(struct buf *, struct stat *, int), int, int);
| int argc;
| char **argv;
| int
| main ()
| {
| return f (e, argv, 0) != argv[0]  ||  f (e, argv, 1) != argv[1];
|   ;
|   return 0;
| }
configure:4245: /opt/lsb/bin/lsbc++ -Ae -c -g -O2  conftest.c >&5
<command-line>: error: missing '(' after predicate
conftest.c:25: error: 'p' was not declared in this scope
conftest.c:25: error: 'i' was not declared in this scope
conftest.c:25: error: initializer expression list treated as compound expression
conftest.c:26: error: expected ',' or ';' before 'char'
conftest.c:28: error: expected unqualified-id before '{' token
conftest.c: In function 'int main()':
conftest.c:64: error: cannot convert 'char*' to 'char* (*)(char**, int)' for argument '1' to 'char* f(char* (*)(char**, int), char**, ...)'
conftest.c:64: error: cannot convert 'char*' to 'char* (*)(char**, int)' for argument '1' to 'char* f(char* (*)(char**, int), char**, ...)'
configure:4245: $? = 1
configure: failed program was:
| /* confdefs.h */
| #define PACKAGE_NAME "PrinterUtility"
| #define PACKAGE_TARNAME "printerutility"
| #define PACKAGE_VERSION "1.0.2"
| #define PACKAGE_STRING "PrinterUtility 1.0.2"
| #define PACKAGE_BUGREPORT "epson@localdomain"
| #define PACKAGE_URL ""
| #define PACKAGE "printerutility"
| #define VERSION "1.0.2"
| #define PACKAGE "printerutility"
| #define VERSION "1.0.2"
| #define LIBUSB_MAJOR_VERSION 0
| #define LIBUSB_MINOR_VERSION 1
| #define LIBUSB_MICRO_VERSION 12
| #define LIBUSB_INTERFACE_AGE 4
| #define LIBUSB_BINARY_AGE 8
| /* end confdefs.h.  */
| #include <stdarg.h>
| #include <stdio.h>
| #include <sys/types.h>
| #include <sys/stat.h>
| /* Most of the following tests are stolen from RCS 5.7's src/conf.sh.  */
| struct buf { int x; };
| FILE * (*rcsopen) (struct buf *, struct stat *, int);
| static char *e (p, i)
|      char **p;
|      int i;
| {
|   return p[i];
| }
| static char *f (char * (*g) (char **, int), char **p, ...)
| {
|   char *s;
|   va_list v;
|   va_start (v,p);
|   s = g (p, va_arg (v,int));
|   va_end (v);
|   return s;
| }
| 
| /* OSF 4.0 Compaq cc is some sort of almost-ANSI by default.  It has
|    function prototypes and stuff, but not '\xHH' hex character constants.
|    These don't provoke an error unfortunately, instead are silently treated
|    as 'x'.  The following induces an error, until -std is added to get
|    proper ANSI mode.  Curiously '\x00'!='x' always comes out true, for an
|    array size at least.  It's necessary to write '\x00'==0 to get something
|    that's true only with -std.  */
| int osf4_cc_array ['\x00' == 0 ? 1 : -1];
| 
| /* IBM C 6 for AIX is almost-ANSI by default, but it replaces macro parameters
|    inside strings and character constants.  */
| #define FOO(x) 'x'
| int xlc6_cc_array[FOO(a) == 'x' ? 1 : -1];
| 
| int test (int i, double x);
| struct s1 {int (*f) (int a);};
| struct s2 {int (*f) (double a);};
| int pairnames (int, char **, FILE *(*)(struct buf *, struct stat *, int), int, int);
| int argc;
| char **argv;
| int
| main ()
| {
| return f (e, argv, 0) != argv[0]  ||  f (e, argv, 1) != argv[1];
|   ;
|   return 0;
| }
configure:4245: /opt/lsb/bin/lsbc++ -Aa -D_HPUX_SOURCE -c -g -O2  conftest.c >&5
<command-line>: error: missing '(' after predicate
conftest.c:25: error: 'p' was not declared in this scope
conftest.c:25: error: 'i' was not declared in this scope
conftest.c:25: error: initializer expression list treated as compound expression
conftest.c:26: error: expected ',' or ';' before 'char'
conftest.c:28: error: expected unqualified-id before '{' token
conftest.c: In function 'int main()':
conftest.c:64: error: cannot convert 'char*' to 'char* (*)(char**, int)' for argument '1' to 'char* f(char* (*)(char**, int), char**, ...)'
conftest.c:64: error: cannot convert 'char*' to 'char* (*)(char**, int)' for argument '1' to 'char* f(char* (*)(char**, int), char**, ...)'
configure:4245: $? = 1
configure: failed program was:
| /* confdefs.h */
| #define PACKAGE_NAME "PrinterUtility"
| #define PACKAGE_TARNAME "printerutility"
| #define PACKAGE_VERSION "1.0.2"
| #define PACKAGE_STRING "PrinterUtility 1.0.2"
| #define PACKAGE_BUGREPORT "epson@localdomain"
| #define PACKAGE_URL ""
| #define PACKAGE "printerutility"
| #define VERSION "1.0.2"
| #define PACKAGE "printerutility"
| #define VERSION "1.0.2"
| #define LIBUSB_MAJOR_VERSION 0
| #define LIBUSB_MINOR_VERSION 1
| #define LIBUSB_MICRO_VERSION 12
| #define LIBUSB_INTERFACE_AGE 4
| #define LIBUSB_BINARY_AGE 8
| /* end confdefs.h.  */
| #include <stdarg.h>
| #include <stdio.h>
| #include <sys/types.h>
| #include <sys/stat.h>
| /* Most of the following tests are stolen from RCS 5.7's src/conf.sh.  */
| struct buf { int x; };
| FILE * (*rcsopen) (struct buf *, struct stat *, int);
| static char *e (p, i)
|      char **p;
|      int i;
| {
|   return p[i];
| }
| static char *f (char * (*g) (char **, int), char **p, ...)
| {
|   char *s;
|   va_list v;
|   va_start (v,p);
|   s = g (p, va_arg (v,int));
|   va_end (v);
|   return s;
| }
| 
| /* OSF 4.0 Compaq cc is some sort of almost-ANSI by default.  It has
|    function prototypes and stuff, but not '\xHH' hex character constants.
|    These don't provoke an error unfortunately, instead are silently treated
|    as 'x'.  The following induces an error, until -std is added to get
|    proper ANSI mode.  Curiously '\x00'!='x' always comes out true, for an
|    array size at least.  It's necessary to write '\x00'==0 to get something
|    that's true only with -std.  */
| int osf4_cc_array ['\x00' == 0 ? 1 : -1];
| 
| /* IBM C 6 for AIX is almost-ANSI by default, but it replaces macro parameters
|    inside strings and character constants.  */
| #define FOO(x) 'x'
| int xlc6_cc_array[FOO(a) == 'x' ? 1 : -1];
| 
| int test (int i, double x);
| struct s1 {int (*f) (int a);};
| struct s2 {int (*f) (double a);};
| int pairnames (int, char **, FILE *(*)(struct buf *, struct stat *, int), int, int);
| int argc;
| char **argv;
| int
| main ()
| {
| return f (e, argv, 0) != argv[0]  ||  f (e, argv, 1) != argv[1];
|   ;
|   return 0;
| }
configure:4245: /opt/lsb/bin/lsbc++ -Xc -D__EXTENSIONS__ -c -g -O2  conftest.c >&5
c++: unrecognized option '-Xc'
conftest.c:25: error: 'p' was not declared in this scope
conftest.c:25: error: 'i' was not declared in this scope
conftest.c:25: error: initializer expression list treated as compound expression
conftest.c:26: error: expected ',' or ';' before 'char'
conftest.c:28: error: expected unqualified-id before '{' token
conftest.c: In function 'int main()':
conftest.c:64: error: cannot convert 'char*' to 'char* (*)(char**, int)' for argument '1' to 'char* f(char* (*)(char**, int), char**, ...)'
conftest.c:64: error: cannot convert 'char*' to 'char* (*)(char**, int)' for argument '1' to 'char* f(char* (*)(char**, int), char**, ...)'
configure:4245: $? = 1
configure: failed program was:
| /* confdefs.h */
| #define PACKAGE_NAME "PrinterUtility"
| #define PACKAGE_TARNAME "printerutility"
| #define PACKAGE_VERSION "1.0.2"
| #define PACKAGE_STRING "PrinterUtility 1.0.2"
| #define PACKAGE_BUGREPORT "epson@localdomain"
| #define PACKAGE_URL ""
| #define PACKAGE "printerutility"
| #define VERSION "1.0.2"
| #define PACKAGE "printerutility"
| #define VERSION "1.0.2"
| #define LIBUSB_MAJOR_VERSION 0
| #define LIBUSB_MINOR_VERSION 1
| #define LIBUSB_MICRO_VERSION 12
| #define LIBUSB_INTERFACE_AGE 4
| #define LIBUSB_BINARY_AGE 8
| /* end confdefs.h.  */
| #include <stdarg.h>
| #include <stdio.h>
| #include <sys/types.h>
| #include <sys/stat.h>
| /* Most of the following tests are stolen from RCS 5.7's src/conf.sh.  */
| struct buf { int x; };
| FILE * (*rcsopen) (struct buf *, struct stat *, int);
| static char *e (p, i)
|      char **p;
|      int i;
| {
|   return p[i];
| }
| static char *f (char * (*g) (char **, int), char **p, ...)
| {
|   char *s;
|   va_list v;
|   va_start (v,p);
|   s = g (p, va_arg (v,int));
|   va_end (v);
|   return s;
| }
| 
| /* OSF 4.0 Compaq cc is some sort of almost-ANSI by default.  It has
|    function prototypes and stuff, but not '\xHH' hex character constants.
|    These don't provoke an error unfortunately, instead are silently treated
|    as 'x'.  The following induces an error, until -std is added to get
|    proper ANSI mode.  Curiously '\x00'!='x' always comes out true, for an
|    array size at least.  It's necessary to write '\x00'==0 to get something
|    that's true only with -std.  */
| int osf4_cc_array ['\x00' == 0 ? 1 : -1];
| 
| /* IBM C 6 for AIX is almost-ANSI by default, but it replaces macro parameters
|    inside strings and character constants.  */
| #define FOO(x) 'x'
| int xlc6_cc_array[FOO(a) == 'x' ? 1 : -1];
| 
| int test (int i, double x);
| struct s1 {int (*f) (int a);};
| struct s2 {int (*f) (double a);};
| int pairnames (int, char **, FILE *(*)(struct buf *, struct stat *, int), int, int);
| int argc;
| char **argv;
| int
| main ()
| {
| return f (e, argv, 0) != argv[0]  ||  f (e, argv, 1) != argv[1];
|   ;
|   return 0;
| }
configure:4261: result: unsupported
configure:4280: checking dependency style of /opt/lsb/bin/lsbc++
configure:4390: result: gcc3
configure:4407: checking dependency style of /opt/lsb/bin/lsbc++
configure:4517: result: gcc3
configure:4532: checking for a sed that does not truncate output
configure:4596: result: /bin/sed
configure:4614: checking for grep that handles long lines and -e
configure:4672: result: /bin/grep
configure:4677: checking for egrep
configure:4739: result: /bin/grep -E
configure:4744: checking for fgrep
configure:4806: result: /bin/grep -F
configure:4841: checking for ld used by /opt/lsb/bin/lsbc++
configure:4908: result: /usr/bin/ld
configure:4915: checking if the linker (/usr/bin/ld) is GNU ld
configure:4930: result: yes
configure:4942: checking for BSD- or MS-compatible name lister (nm)
configure:4991: result: /usr/bin/nm -B
configure:5109: checking the name lister (/usr/bin/nm -B) interface
configure:5116: /opt/lsb/bin/lsbc++ -c -g -O2  conftest.c >&5
configure:5119: /usr/bin/nm -B "conftest.o"
configure:5122: output
00000000 B some_variable
configure:5129: result: BSD nm
configure:5132: checking whether ln -s works
configure:5136: result: yes
configure:5144: checking the maximum length of command line arguments
configure:5264: result: 1572864
configure:5281: checking whether the shell understands some XSI constructs
configure:5291: result: yes
configure:5295: checking whether the shell understands "+="
configure:5301: result: yes
configure:5336: checking for /usr/bin/ld option to reload object files
configure:5343: result: -r
configure:5412: checking for objdump
configure:5428: found /usr/bin/objdump
configure:5439: result: objdump
configure:5471: checking how to recognize dependent libraries
configure:5667: result: pass_all
configure:5727: checking for ar
configure:5743: found /usr/bin/ar
configure:5754: result: ar
configure:5832: checking for strip
configure:5848: found /usr/bin/strip
configure:5859: result: strip
configure:5931: checking for ranlib
configure:5947: found /usr/bin/ranlib
configure:5958: result: ranlib
configure:6048: checking command to parse /usr/bin/nm -B output from /opt/lsb/bin/lsbc++ object
configure:6166: /opt/lsb/bin/lsbc++ -c -g -O2  conftest.c >&5
configure:6169: $? = 0
configure:6173: /usr/bin/nm -B conftest.o \| sed -n -e 's/^.*[	 ]\([ABCDGIRSTW][ABCDGIRSTW]*\)[	 ][	 ]*\([_A-Za-z][_A-Za-z0-9]*\)$/\1 \2 \2/p' \> conftest.nm
configure:6176: $? = 0
configure:6230: /opt/lsb/bin/lsbc++ -o conftest -g -O2   conftest.c conftstm.o >&5
configure:6233: $? = 0
configure:6271: result: ok
configure:7080: checking how to run the C preprocessor
configure:7111: /opt/lsb/bin/lsbc++ -E  conftest.c
configure:7111: $? = 0
configure:7125: /opt/lsb/bin/lsbc++ -E  conftest.c
conftest.c:18:28: error: ac_nonexistent.h: No such file or directory
configure:7125: $? = 1
configure: failed program was:
| /* confdefs.h */
| #define PACKAGE_NAME "PrinterUtility"
| #define PACKAGE_TARNAME "printerutility"
| #define PACKAGE_VERSION "1.0.2"
| #define PACKAGE_STRING "PrinterUtility 1.0.2"
| #define PACKAGE_BUGREPORT "epson@localdomain"
| #define PACKAGE_URL ""
| #define PACKAGE "printerutility"
| #define VERSION "1.0.2"
| #define PACKAGE "printerutility"
| #define VERSION "1.0.2"
| #define LIBUSB_MAJOR_VERSION 0
| #define LIBUSB_MINOR_VERSION 1
| #define LIBUSB_MICRO_VERSION 12
| #define LIBUSB_INTERFACE_AGE 4
| #define LIBUSB_BINARY_AGE 8
| /* end confdefs.h.  */
| #include <ac_nonexistent.h>
configure:7150: result: /opt/lsb/bin/lsbc++ -E
configure:7170: /opt/lsb/bin/lsbc++ -E  conftest.c
configure:7170: $? = 0
configure:7184: /opt/lsb/bin/lsbc++ -E  conftest.c
conftest.c:18:28: error: ac_nonexistent.h: No such file or directory
configure:7184: $? = 1
configure: failed program was:
| /* confdefs.h */
| #define PACKAGE_NAME "PrinterUtility"
| #define PACKAGE_TARNAME "printerutility"
| #define PACKAGE_VERSION "1.0.2"
| #define PACKAGE_STRING "PrinterUtility 1.0.2"
| #define PACKAGE_BUGREPORT "epson@localdomain"
| #define PACKAGE_URL ""
| #define PACKAGE "printerutility"
| #define VERSION "1.0.2"
| #define PACKAGE "printerutility"
| #define VERSION "1.0.2"
| #define LIBUSB_MAJOR_VERSION 0
| #define LIBUSB_MINOR_VERSION 1
| #define LIBUSB_MICRO_VERSION 12
| #define LIBUSB_INTERFACE_AGE 4
| #define LIBUSB_BINARY_AGE 8
| /* end confdefs.h.  */
| #include <ac_nonexistent.h>
configure:7213: checking for ANSI C header files
configure:7233: /opt/lsb/bin/lsbc++ -c -g -O2  conftest.c >&5
configure:7233: $? = 0
configure:7306: /opt/lsb/bin/lsbc++ -o conftest -g -O2   conftest.c  >&5
configure:7306: $? = 0
configure:7306: ./conftest
configure:7306: $? = 0
configure:7317: result: yes
configure:7330: checking for sys/types.h
configure:7330: /opt/lsb/bin/lsbc++ -c -g -O2  conftest.c >&5
configure:7330: $? = 0
configure:7330: result: yes
configure:7330: checking for sys/stat.h
configure:7330: /opt/lsb/bin/lsbc++ -c -g -O2  conftest.c >&5
configure:7330: $? = 0
configure:7330: result: yes
configure:7330: checking for stdlib.h
configure:7330: /opt/lsb/bin/lsbc++ -c -g -O2  conftest.c >&5
configure:7330: $? = 0
configure:7330: result: yes
configure:7330: checking for string.h
configure:7330: /opt/lsb/bin/lsbc++ -c -g -O2  conftest.c >&5
configure:7330: $? = 0
configure:7330: result: yes
configure:7330: checking for memory.h
configure:7330: /opt/lsb/bin/lsbc++ -c -g -O2  conftest.c >&5
configure:7330: $? = 0
configure:7330: result: yes
configure:7330: checking for strings.h
configure:7330: /opt/lsb/bin/lsbc++ -c -g -O2  conftest.c >&5
configure:7330: $? = 0
configure:7330: result: yes
configure:7330: checking for inttypes.h
configure:7330: /opt/lsb/bin/lsbc++ -c -g -O2  conftest.c >&5
configure:7330: $? = 0
configure:7330: result: yes
configure:7330: checking for stdint.h
configure:7330: /opt/lsb/bin/lsbc++ -c -g -O2  conftest.c >&5
configure:7330: $? = 0
configure:7330: result: yes
configure:7330: checking for unistd.h
configure:7330: /opt/lsb/bin/lsbc++ -c -g -O2  conftest.c >&5
configure:7330: $? = 0
configure:7330: result: yes
configure:7345: checking for dlfcn.h
configure:7345: /opt/lsb/bin/lsbc++ -c -g -O2  conftest.c >&5
configure:7345: $? = 0
configure:7345: result: yes
configure:7529: checking for objdir
configure:7544: result: .libs
configure:7840: checking if /opt/lsb/bin/lsbc++ supports -fno-rtti -fno-exceptions
configure:7858: /opt/lsb/bin/lsbc++ -c -g -O2  -fno-rtti -fno-exceptions conftest.c >&5
configure:7862: $? = 0
configure:7875: result: yes
configure:7895: checking for /opt/lsb/bin/lsbc++ option to produce PIC
configure:8167: result: -fPIC -DPIC
configure:8179: checking if /opt/lsb/bin/lsbc++ PIC flag -fPIC -DPIC works
configure:8197: /opt/lsb/bin/lsbc++ -c -g -O2  -fPIC -DPIC -DPIC conftest.c >&5
configure:8201: $? = 0
configure:8214: result: yes
configure:8238: checking if /opt/lsb/bin/lsbc++ static flag -static works
configure:8266: result: no
configure:8281: checking if /opt/lsb/bin/lsbc++ supports -c -o file.o
configure:8302: /opt/lsb/bin/lsbc++ -c -g -O2  -o out/conftest2.o conftest.c >&5
configure:8306: $? = 0
configure:8328: result: yes
configure:8336: checking if /opt/lsb/bin/lsbc++ supports -c -o file.o
configure:8383: result: yes
configure:8416: checking whether the /opt/lsb/bin/lsbc++ linker (/usr/bin/ld) supports shared libraries
configure:9407: result: yes
configure:9444: checking whether -lc should be explicitly linked in
configure:9449: /opt/lsb/bin/lsbc++ -c -g -O2  conftest.c >&5
configure:9452: $? = 0
configure:9467: /opt/lsb/bin/lsbc++ -shared conftest.o  -v -Wl,-soname -Wl,conftest -o conftest 2\>\&1 \| /bin/grep  -lc  \>/dev/null 2\>\&1
configure:9470: $? = 0
configure:9482: result: no
configure:9646: checking dynamic linker characteristics
configure:10079: /opt/lsb/bin/lsbc++ -o conftest -g -O2   -Wl,-rpath -Wl,/foo conftest.c  >&5
configure:10079: $? = 0
configure:10309: result: GNU/Linux ld.so
configure:10411: checking how to hardcode library paths into programs
configure:10436: result: immediate
configure:10956: checking whether stripping libraries is possible
configure:10961: result: yes
configure:10996: checking if libtool supports shared libraries
configure:10998: result: yes
configure:11001: checking whether to build shared libraries
configure:11022: result: yes
configure:11025: checking whether to build static libraries
configure:11029: result: yes
configure:11070: checking for what USB OS support
configure:11082: result: Linux
configure:11281: checking for C++ compiler version
configure:11290: /opt/lsb/bin/lsbc++ --version >&5
c++ (Ubuntu 4.4.3-4ubuntu5.1) 4.4.3
Copyright (C) 2009 Free Software Foundation, Inc.
This is free software; see the source for copying conditions.  There is NO
warranty; not even for MERCHANTABILITY or FITNESS FOR A PARTICULAR PURPOSE.

configure:11301: $? = 0
configure:11290: /opt/lsb/bin/lsbc++ -v >&5
Using built-in specs.
Target: i486-linux-gnu
Configured with: ../src/configure -v --with-pkgversion='Ubuntu 4.4.3-4ubuntu5.1' --with-bugurl=file:///usr/share/doc/gcc-4.4/README.Bugs --enable-languages=c,c++,fortran,objc,obj-c++ --prefix=/usr --enable-shared --enable-multiarch --enable-linker-build-id --with-system-zlib --libexecdir=/usr/lib --without-included-gettext --enable-threads=posix --with-gxx-include-dir=/usr/include/c++/4.4 --program-suffix=-4.4 --enable-nls --enable-clocale=gnu --enable-libstdcxx-debug --enable-plugin --enable-objc-gc --enable-targets=all --disable-werror --with-arch-32=i486 --with-tune=generic --enable-checking=release --build=i486-linux-gnu --host=i486-linux-gnu --target=i486-linux-gnu
Thread model: posix
gcc version 4.4.3 (Ubuntu 4.4.3-4ubuntu5.1) 
configure:11301: $? = 0
configure:11290: /opt/lsb/bin/lsbc++ -V >&5
c++: '-V' must come at the start of the command line
configure:11301: $? = 1
configure:11290: /opt/lsb/bin/lsbc++ -qversion >&5
c++: unrecognized option '-qversion'
/usr/lib/gcc/i486-linux-gnu/4.4.3/../../../../lib/crt1.o: In function `_start':
(.text+0x18): undefined reference to `main'
collect2: ld returned 1 exit status
configure:11301: $? = 1
configure:11305: checking whether we are using the GNU C++ compiler
configure:11324: /opt/lsb/bin/lsbc++ -c   conftest.cpp >&5
configure:11324: $? = 0
configure:11333: result: yes
configure:11342: checking whether /opt/lsb/bin/lsbc++ accepts -g
configure:11362: /opt/lsb/bin/lsbc++ -c -g  conftest.cpp >&5
configure:11362: $? = 0
configure:11403: result: yes
configure:11428: checking dependency style of /opt/lsb/bin/lsbc++
configure:11538: result: gcc3
configure:11555: checking dependency style of /opt/lsb/bin/lsbc++
configure:11665: result: gcc3
configure:11793: checking for C++ compiler version
configure:11802: /opt/lsb/bin/lsbc++ --version >&5
c++ (Ubuntu 4.4.3-4ubuntu5.1) 4.4.3
Copyright (C) 2009 Free Software Foundation, Inc.
This is free software; see the source for copying conditions.  There is NO
warranty; not even for MERCHANTABILITY or FITNESS FOR A PARTICULAR PURPOSE.

configure:11813: $? = 0
configure:11802: /opt/lsb/bin/lsbc++ -v >&5
Using built-in specs.
Target: i486-linux-gnu
Configured with: ../src/configure -v --with-pkgversion='Ubuntu 4.4.3-4ubuntu5.1' --with-bugurl=file:///usr/share/doc/gcc-4.4/README.Bugs --enable-languages=c,c++,fortran,objc,obj-c++ --prefix=/usr --enable-shared --enable-multiarch --enable-linker-build-id --with-system-zlib --libexecdir=/usr/lib --without-included-gettext --enable-threads=posix --with-gxx-include-dir=/usr/include/c++/4.4 --program-suffix=-4.4 --enable-nls --enable-clocale=gnu --enable-libstdcxx-debug --enable-plugin --enable-objc-gc --enable-targets=all --disable-werror --with-arch-32=i486 --with-tune=generic --enable-checking=release --build=i486-linux-gnu --host=i486-linux-gnu --target=i486-linux-gnu
Thread model: posix
gcc version 4.4.3 (Ubuntu 4.4.3-4ubuntu5.1) 
configure:11813: $? = 0
configure:11802: /opt/lsb/bin/lsbc++ -V >&5
c++: '-V' must come at the start of the command line
configure:11813: $? = 1
configure:11802: /opt/lsb/bin/lsbc++ -qversion >&5
c++: unrecognized option '-qversion'
/usr/lib/gcc/i486-linux-gnu/4.4.3/../../../../lib/crt1.o: In function `_start':
(.text+0x18): undefined reference to `main'
collect2: ld returned 1 exit status
configure:11813: $? = 1
configure:11817: checking whether we are using the GNU C++ compiler
configure:11845: result: yes
configure:11854: checking whether /opt/lsb/bin/lsbc++ accepts -g
configure:11915: result: yes
configure:11940: checking dependency style of /opt/lsb/bin/lsbc++
configure:12050: result: gcc3
configure:12067: checking dependency style of /opt/lsb/bin/lsbc++
configure:12177: result: gcc3
configure:12200: checking how to run the C++ preprocessor
configure:12227: /opt/lsb/bin/lsbc++ -E  conftest.cpp
configure:12227: $? = 0
configure:12241: /opt/lsb/bin/lsbc++ -E  conftest.cpp
conftest.cpp:33:28: error: ac_nonexistent.h: No such file or directory
configure:12241: $? = 1
configure: failed program was:
| /* confdefs.h */
| #define PACKAGE_NAME "PrinterUtility"
| #define PACKAGE_TARNAME "printerutility"
| #define PACKAGE_VERSION "1.0.2"
| #define PACKAGE_STRING "PrinterUtility 1.0.2"
| #define PACKAGE_BUGREPORT "epson@localdomain"
| #define PACKAGE_URL ""
| #define PACKAGE "printerutility"
| #define VERSION "1.0.2"
| #define PACKAGE "printerutility"
| #define VERSION "1.0.2"
| #define LIBUSB_MAJOR_VERSION 0
| #define LIBUSB_MINOR_VERSION 1
| #define LIBUSB_MICRO_VERSION 12
| #define LIBUSB_INTERFACE_AGE 4
| #define LIBUSB_BINARY_AGE 8
| #define STDC_HEADERS 1
| #define HAVE_SYS_TYPES_H 1
| #define HAVE_SYS_STAT_H 1
| #define HAVE_STDLIB_H 1
| #define HAVE_STRING_H 1
| #define HAVE_MEMORY_H 1
| #define HAVE_STRINGS_H 1
| #define HAVE_INTTYPES_H 1
| #define HAVE_STDINT_H 1
| #define HAVE_UNISTD_H 1
| #define HAVE_DLFCN_H 1
| #define LT_OBJDIR ".libs/"
| #define LINUX_API 1
| #define BSD_API 0
| #define DARWIN_API 0
| /* end confdefs.h.  */
| #include <ac_nonexistent.h>
configure:12266: result: /opt/lsb/bin/lsbc++ -E
configure:12286: /opt/lsb/bin/lsbc++ -E  conftest.cpp
configure:12286: $? = 0
configure:12300: /opt/lsb/bin/lsbc++ -E  conftest.cpp
conftest.cpp:33:28: error: ac_nonexistent.h: No such file or directory
configure:12300: $? = 1
configure: failed program was:
| /* confdefs.h */
| #define PACKAGE_NAME "PrinterUtility"
| #define PACKAGE_TARNAME "printerutility"
| #define PACKAGE_VERSION "1.0.2"
| #define PACKAGE_STRING "PrinterUtility 1.0.2"
| #define PACKAGE_BUGREPORT "epson@localdomain"
| #define PACKAGE_URL ""
| #define PACKAGE "printerutility"
| #define VERSION "1.0.2"
| #define PACKAGE "printerutility"
| #define VERSION "1.0.2"
| #define LIBUSB_MAJOR_VERSION 0
| #define LIBUSB_MINOR_VERSION 1
| #define LIBUSB_MICRO_VERSION 12
| #define LIBUSB_INTERFACE_AGE 4
| #define LIBUSB_BINARY_AGE 8
| #define STDC_HEADERS 1
| #define HAVE_SYS_TYPES_H 1
| #define HAVE_SYS_STAT_H 1
| #define HAVE_STDLIB_H 1
| #define HAVE_STRING_H 1
| #define HAVE_MEMORY_H 1
| #define HAVE_STRINGS_H 1
| #define HAVE_INTTYPES_H 1
| #define HAVE_STDINT_H 1
| #define HAVE_UNISTD_H 1
| #define HAVE_DLFCN_H 1
| #define LT_OBJDIR ".libs/"
| #define LINUX_API 1
| #define BSD_API 0
| #define DARWIN_API 0
| /* end confdefs.h.  */
| #include <ac_nonexistent.h>
configure:12468: checking for ld used by /opt/lsb/bin/lsbc++
configure:12535: result: /usr/bin/ld
configure:12542: checking if the linker (/usr/bin/ld) is GNU ld
configure:12557: result: yes
configure:12612: checking whether the /opt/lsb/bin/lsbc++ linker (/usr/bin/ld) supports shared libraries
configure:13525: result: yes
configure:13553: /opt/lsb/bin/lsbc++ -c -g -O2  conftest.cpp >&5
configure:13556: $? = 0
configure:13738: checking for /opt/lsb/bin/lsbc++ option to produce PIC
configure:14055: result: -fPIC -DPIC
configure:14064: checking if /opt/lsb/bin/lsbc++ PIC flag -fPIC -DPIC works
configure:14082: /opt/lsb/bin/lsbc++ -c -g -O2  -fPIC -DPIC -DPIC conftest.cpp >&5
configure:14086: $? = 0
configure:14099: result: yes
configure:14120: checking if /opt/lsb/bin/lsbc++ static flag -static works
configure:14148: result: no
configure:14160: checking if /opt/lsb/bin/lsbc++ supports -c -o file.o
configure:14181: /opt/lsb/bin/lsbc++ -c -g -O2  -o out/conftest2.o conftest.cpp >&5
configure:14185: $? = 0
configure:14207: result: yes
configure:14212: checking if /opt/lsb/bin/lsbc++ supports -c -o file.o
configure:14259: result: yes
configure:14289: checking whether the /opt/lsb/bin/lsbc++ linker (/usr/bin/ld) supports shared libraries
configure:14318: result: yes
configure:14455: checking dynamic linker characteristics
configure:14836: /opt/lsb/bin/lsbc++ -o conftest -g -O2   -Wl,-rpath -Wl,/foo conftest.cpp  >&5
configure:14836: $? = 0
configure:15066: result: GNU/Linux ld.so
configure:15117: checking how to hardcode library paths into programs
configure:15142: result: immediate
configure:15235: checking for gcc
configure:15262: result: /opt/lsb/bin/lsbc++
configure:15491: checking for C compiler version
configure:15500: /opt/lsb/bin/lsbc++ --version >&5
c++ (Ubuntu 4.4.3-4ubuntu5.1) 4.4.3
Copyright (C) 2009 Free Software Foundation, Inc.
This is free software; see the source for copying conditions.  There is NO
warranty; not even for MERCHANTABILITY or FITNESS FOR A PARTICULAR PURPOSE.

configure:15511: $? = 0
configure:15500: /opt/lsb/bin/lsbc++ -v >&5
Using built-in specs.
Target: i486-linux-gnu
Configured with: ../src/configure -v --with-pkgversion='Ubuntu 4.4.3-4ubuntu5.1' --with-bugurl=file:///usr/share/doc/gcc-4.4/README.Bugs --enable-languages=c,c++,fortran,objc,obj-c++ --prefix=/usr --enable-shared --enable-multiarch --enable-linker-build-id --with-system-zlib --libexecdir=/usr/lib --without-included-gettext --enable-threads=posix --with-gxx-include-dir=/usr/include/c++/4.4 --program-suffix=-4.4 --enable-nls --enable-clocale=gnu --enable-libstdcxx-debug --enable-plugin --enable-objc-gc --enable-targets=all --disable-werror --with-arch-32=i486 --with-tune=generic --enable-checking=release --build=i486-linux-gnu --host=i486-linux-gnu --target=i486-linux-gnu
Thread model: posix
gcc version 4.4.3 (Ubuntu 4.4.3-4ubuntu5.1) 
configure:15511: $? = 0
configure:15500: /opt/lsb/bin/lsbc++ -V >&5
c++: '-V' must come at the start of the command line
configure:15511: $? = 1
configure:15500: /opt/lsb/bin/lsbc++ -qversion >&5
c++: unrecognized option '-qversion'
/usr/lib/gcc/i486-linux-gnu/4.4.3/../../../../lib/crt1.o: In function `_start':
(.text+0x18): undefined reference to `main'
collect2: ld returned 1 exit status
configure:15511: $? = 1
configure:15515: checking whether we are using the GNU C compiler
configure:15543: result: yes
configure:15552: checking whether /opt/lsb/bin/lsbc++ accepts -g
configure:15613: result: yes
configure:15630: checking for /opt/lsb/bin/lsbc++ option to accept ISO C89
configure:15710: result: unsupported
configure:15729: checking dependency style of /opt/lsb/bin/lsbc++
configure:15839: result: gcc3
configure:15856: checking dependency style of /opt/lsb/bin/lsbc++
configure:15966: result: gcc3
configure:15982: checking whether /opt/lsb/bin/lsbc++ and cc understand -c and -o together
configure:16013: /opt/lsb/bin/lsbc++ -c conftest.cpp -o conftest2.o >&5
configure:16017: $? = 0
configure:16023: /opt/lsb/bin/lsbc++ -c conftest.cpp -o conftest2.o >&5
configure:16027: $? = 0
configure:16038: cc -c conftest.cpp >&5
configure:16042: $? = 0
configure:16050: cc -c conftest.cpp -o conftest2.o >&5
configure:16054: $? = 0
configure:16060: cc -c conftest.cpp -o conftest2.o >&5
configure:16064: $? = 0
configure:16082: result: yes
configure:16118: checking for ANSI C header files
configure:16222: result: yes
configure:16234: checking for vprintf
configure:16234: /opt/lsb/bin/lsbc++ -o conftest -g -O2   conftest.cpp  >&5
configure:16234: $? = 0
configure:16234: result: yes
configure:16240: checking for _doprnt
configure:16240: /opt/lsb/bin/lsbc++ -o conftest -g -O2   conftest.cpp  >&5
/tmp/cc7DVAof.o: In function `main':
/home/epson/LSB.Utility/utility/epson-printer-utility-1.0.2/conftest.cpp:69: undefined reference to `_doprnt'
collect2: ld returned 1 exit status
configure:16240: $? = 1
configure: failed program was:
| /* confdefs.h */
| #define PACKAGE_NAME "PrinterUtility"
| #define PACKAGE_TARNAME "printerutility"
| #define PACKAGE_VERSION "1.0.2"
| #define PACKAGE_STRING "PrinterUtility 1.0.2"
| #define PACKAGE_BUGREPORT "epson@localdomain"
| #define PACKAGE_URL ""
| #define PACKAGE "printerutility"
| #define VERSION "1.0.2"
| #define PACKAGE "printerutility"
| #define VERSION "1.0.2"
| #define LIBUSB_MAJOR_VERSION 0
| #define LIBUSB_MINOR_VERSION 1
| #define LIBUSB_MICRO_VERSION 12
| #define LIBUSB_INTERFACE_AGE 4
| #define LIBUSB_BINARY_AGE 8
| #define STDC_HEADERS 1
| #define HAVE_SYS_TYPES_H 1
| #define HAVE_SYS_STAT_H 1
| #define HAVE_STDLIB_H 1
| #define HAVE_STRING_H 1
| #define HAVE_MEMORY_H 1
| #define HAVE_STRINGS_H 1
| #define HAVE_INTTYPES_H 1
| #define HAVE_STDINT_H 1
| #define HAVE_UNISTD_H 1
| #define HAVE_DLFCN_H 1
| #define LT_OBJDIR ".libs/"
| #define LINUX_API 1
| #define BSD_API 0
| #define DARWIN_API 0
| #define STDC_HEADERS 1
| #define HAVE_VPRINTF 1
| /* end confdefs.h.  */
| /* Define _doprnt to an innocuous variant, in case <limits.h> declares _doprnt.
|    For example, HP-UX 11i <limits.h> declares gettimeofday.  */
| #define _doprnt innocuous__doprnt
| 
| /* System header to define __stub macros and hopefully few prototypes,
|     which can conflict with char _doprnt (); below.
|     Prefer <limits.h> to <assert.h> if __STDC__ is defined, since
|     <limits.h> exists even on freestanding compilers.  */
| 
| #ifdef __STDC__
| # include <limits.h>
| #else
| # include <assert.h>
| #endif
| 
| #undef _doprnt
| 
| /* Override any GCC internal prototype to avoid an error.
|    Use char because int might match the return type of a GCC
|    builtin and then its argument prototype would still apply.  */
| #ifdef __cplusplus
| extern "C"
| #endif
| char _doprnt ();
| /* The GNU C library defines this for functions which it implements
|     to always fail with ENOSYS.  Some functions are actually named
|     something starting with __ and the normal name is an alias.  */
| #if defined __stub__doprnt || defined __stub____doprnt
| choke me
| #endif
| 
| int
| main ()
| {
| return _doprnt ();
|   ;
|   return 0;
| }
configure:16240: result: no
configure:16252: checking for an ANSI C-conforming const
configure:16317: /opt/lsb/bin/lsbc++ -c -g -O2  conftest.cpp >&5
configure:16317: $? = 0
configure:16324: result: yes
configure:16333: checking whether byte ordering is bigendian
configure:16348: /opt/lsb/bin/lsbc++ -c -g -O2  conftest.cpp >&5
conftest.cpp:36: error: expected unqualified-id before '!' token
configure:16348: $? = 1
configure: failed program was:
| /* confdefs.h */
| #define PACKAGE_NAME "PrinterUtility"
| #define PACKAGE_TARNAME "printerutility"
| #define PACKAGE_VERSION "1.0.2"
| #define PACKAGE_STRING "PrinterUtility 1.0.2"
| #define PACKAGE_BUGREPORT "epson@localdomain"
| #define PACKAGE_URL ""
| #define PACKAGE "printerutility"
| #define VERSION "1.0.2"
| #define PACKAGE "printerutility"
| #define VERSION "1.0.2"
| #define LIBUSB_MAJOR_VERSION 0
| #define LIBUSB_MINOR_VERSION 1
| #define LIBUSB_MICRO_VERSION 12
| #define LIBUSB_INTERFACE_AGE 4
| #define LIBUSB_BINARY_AGE 8
| #define STDC_HEADERS 1
| #define HAVE_SYS_TYPES_H 1
| #define HAVE_SYS_STAT_H 1
| #define HAVE_STDLIB_H 1
| #define HAVE_STRING_H 1
| #define HAVE_MEMORY_H 1
| #define HAVE_STRINGS_H 1
| #define HAVE_INTTYPES_H 1
| #define HAVE_STDINT_H 1
| #define HAVE_UNISTD_H 1
| #define HAVE_DLFCN_H 1
| #define LT_OBJDIR ".libs/"
| #define LINUX_API 1
| #define BSD_API 0
| #define DARWIN_API 0
| #define STDC_HEADERS 1
| #define HAVE_VPRINTF 1
| /* end confdefs.h.  */
| #ifndef __APPLE_CC__
| 	       not a universal capable compiler
| 	     #endif
| 	     typedef int dummy;
| 
configure:16393: /opt/lsb/bin/lsbc++ -c -g -O2  conftest.cpp >&5
configure:16393: $? = 0
configure:16411: /opt/lsb/bin/lsbc++ -c -g -O2  conftest.cpp >&5
conftest.cpp: In function 'int main()':
conftest.cpp:42: error: 'big' was not declared in this scope
conftest.cpp:42: error: expected ';' before 'endian'
configure:16411: $? = 1
configure: failed program was:
| /* confdefs.h */
| #define PACKAGE_NAME "PrinterUtility"
| #define PACKAGE_TARNAME "printerutility"
| #define PACKAGE_VERSION "1.0.2"
| #define PACKAGE_STRING "PrinterUtility 1.0.2"
| #define PACKAGE_BUGREPORT "epson@localdomain"
| #define PACKAGE_URL ""
| #define PACKAGE "printerutility"
| #define VERSION "1.0.2"
| #define PACKAGE "printerutility"
| #define VERSION "1.0.2"
| #define LIBUSB_MAJOR_VERSION 0
| #define LIBUSB_MINOR_VERSION 1
| #define LIBUSB_MICRO_VERSION 12
| #define LIBUSB_INTERFACE_AGE 4
| #define LIBUSB_BINARY_AGE 8
| #define STDC_HEADERS 1
| #define HAVE_SYS_TYPES_H 1
| #define HAVE_SYS_STAT_H 1
| #define HAVE_STDLIB_H 1
| #define HAVE_STRING_H 1
| #define HAVE_MEMORY_H 1
| #define HAVE_STRINGS_H 1
| #define HAVE_INTTYPES_H 1
| #define HAVE_STDINT_H 1
| #define HAVE_UNISTD_H 1
| #define HAVE_DLFCN_H 1
| #define LT_OBJDIR ".libs/"
| #define LINUX_API 1
| #define BSD_API 0
| #define DARWIN_API 0
| #define STDC_HEADERS 1
| #define HAVE_VPRINTF 1
| /* end confdefs.h.  */
| #include <sys/types.h>
| 		#include <sys/param.h>
| 
| int
| main ()
| {
| #if BYTE_ORDER != BIG_ENDIAN
| 		 not big endian
| 		#endif
| 
|   ;
|   return 0;
| }
configure:16539: result: no
configure:16567: checking limits.h usability
configure:16567: /opt/lsb/bin/lsbc++ -c -g -O2  conftest.cpp >&5
configure:16567: $? = 0
configure:16567: result: yes
configure:16567: checking limits.h presence
configure:16567: /opt/lsb/bin/lsbc++ -E  conftest.cpp
configure:16567: $? = 0
configure:16567: result: yes
configure:16567: checking for limits.h
configure:16567: result: yes
configure:16582: checking for unistd.h
configure:16582: result: yes
configure:16597: checking values.h usability
configure:16597: /opt/lsb/bin/lsbc++ -c -g -O2  conftest.cpp >&5
configure:16597: $? = 0
configure:16597: result: yes
configure:16597: checking values.h presence
configure:16597: /opt/lsb/bin/lsbc++ -E  conftest.cpp
configure:16597: $? = 0
configure:16597: result: yes
configure:16597: checking for values.h
configure:16597: result: yes
configure:16612: checking for pid_t
configure:16612: /opt/lsb/bin/lsbc++ -c -g -O2  conftest.cpp >&5
configure:16612: $? = 0
configure:16612: /opt/lsb/bin/lsbc++ -c -g -O2  conftest.cpp >&5
conftest.cpp: In function 'int main()':
conftest.cpp:77: error: expected primary-expression before ')' token
configure:16612: $? = 1
configure: failed program was:
| /* confdefs.h */
| #define PACKAGE_NAME "PrinterUtility"
| #define PACKAGE_TARNAME "printerutility"
| #define PACKAGE_VERSION "1.0.2"
| #define PACKAGE_STRING "PrinterUtility 1.0.2"
| #define PACKAGE_BUGREPORT "epson@localdomain"
| #define PACKAGE_URL ""
| #define PACKAGE "printerutility"
| #define VERSION "1.0.2"
| #define PACKAGE "printerutility"
| #define VERSION "1.0.2"
| #define LIBUSB_MAJOR_VERSION 0
| #define LIBUSB_MINOR_VERSION 1
| #define LIBUSB_MICRO_VERSION 12
| #define LIBUSB_INTERFACE_AGE 4
| #define LIBUSB_BINARY_AGE 8
| #define STDC_HEADERS 1
| #define HAVE_SYS_TYPES_H 1
| #define HAVE_SYS_STAT_H 1
| #define HAVE_STDLIB_H 1
| #define HAVE_STRING_H 1
| #define HAVE_MEMORY_H 1
| #define HAVE_STRINGS_H 1
| #define HAVE_INTTYPES_H 1
| #define HAVE_STDINT_H 1
| #define HAVE_UNISTD_H 1
| #define HAVE_DLFCN_H 1
| #define LT_OBJDIR ".libs/"
| #define LINUX_API 1
| #define BSD_API 0
| #define DARWIN_API 0
| #define STDC_HEADERS 1
| #define HAVE_VPRINTF 1
| #define HAVE_LIMITS_H 1
| #define HAVE_LIMITS_H 1
| #define HAVE_UNISTD_H 1
| #define HAVE_UNISTD_H 1
| #define HAVE_VALUES_H 1
| #define HAVE_VALUES_H 1
| /* end confdefs.h.  */
| #include <stdio.h>
| #ifdef HAVE_SYS_TYPES_H
| # include <sys/types.h>
| #endif
| #ifdef HAVE_SYS_STAT_H
| # include <sys/stat.h>
| #endif
| #ifdef STDC_HEADERS
| # include <stdlib.h>
| # include <stddef.h>
| #else
| # ifdef HAVE_STDLIB_H
| #  include <stdlib.h>
| # endif
| #endif
| #ifdef HAVE_STRING_H
| # if !defined STDC_HEADERS && defined HAVE_MEMORY_H
| #  include <memory.h>
| # endif
| # include <string.h>
| #endif
| #ifdef HAVE_STRINGS_H
| # include <strings.h>
| #endif
| #ifdef HAVE_INTTYPES_H
| # include <inttypes.h>
| #endif
| #ifdef HAVE_STDINT_H
| # include <stdint.h>
| #endif
| #ifdef HAVE_UNISTD_H
| # include <unistd.h>
| #endif
| int
| main ()
| {
| if (sizeof ((pid_t)))
| 	    return 0;
|   ;
|   return 0;
| }
configure:16612: result: yes
configure:16625: checking vfork.h usability
configure:16625: /opt/lsb/bin/lsbc++ -c -g -O2  conftest.cpp >&5
conftest.cpp:74:19: error: vfork.h: No such file or directory
configure:16625: $? = 1
configure: failed program was:
| /* confdefs.h */
| #define PACKAGE_NAME "PrinterUtility"
| #define PACKAGE_TARNAME "printerutility"
| #define PACKAGE_VERSION "1.0.2"
| #define PACKAGE_STRING "PrinterUtility 1.0.2"
| #define PACKAGE_BUGREPORT "epson@localdomain"
| #define PACKAGE_URL ""
| #define PACKAGE "printerutility"
| #define VERSION "1.0.2"
| #define PACKAGE "printerutility"
| #define VERSION "1.0.2"
| #define LIBUSB_MAJOR_VERSION 0
| #define LIBUSB_MINOR_VERSION 1
| #define LIBUSB_MICRO_VERSION 12
| #define LIBUSB_INTERFACE_AGE 4
| #define LIBUSB_BINARY_AGE 8
| #define STDC_HEADERS 1
| #define HAVE_SYS_TYPES_H 1
| #define HAVE_SYS_STAT_H 1
| #define HAVE_STDLIB_H 1
| #define HAVE_STRING_H 1
| #define HAVE_MEMORY_H 1
| #define HAVE_STRINGS_H 1
| #define HAVE_INTTYPES_H 1
| #define HAVE_STDINT_H 1
| #define HAVE_UNISTD_H 1
| #define HAVE_DLFCN_H 1
| #define LT_OBJDIR ".libs/"
| #define LINUX_API 1
| #define BSD_API 0
| #define DARWIN_API 0
| #define STDC_HEADERS 1
| #define HAVE_VPRINTF 1
| #define HAVE_LIMITS_H 1
| #define HAVE_LIMITS_H 1
| #define HAVE_UNISTD_H 1
| #define HAVE_UNISTD_H 1
| #define HAVE_VALUES_H 1
| #define HAVE_VALUES_H 1
| /* end confdefs.h.  */
| #include <stdio.h>
| #ifdef HAVE_SYS_TYPES_H
| # include <sys/types.h>
| #endif
| #ifdef HAVE_SYS_STAT_H
| # include <sys/stat.h>
| #endif
| #ifdef STDC_HEADERS
| # include <stdlib.h>
| # include <stddef.h>
| #else
| # ifdef HAVE_STDLIB_H
| #  include <stdlib.h>
| # endif
| #endif
| #ifdef HAVE_STRING_H
| # if !defined STDC_HEADERS && defined HAVE_MEMORY_H
| #  include <memory.h>
| # endif
| # include <string.h>
| #endif
| #ifdef HAVE_STRINGS_H
| # include <strings.h>
| #endif
| #ifdef HAVE_INTTYPES_H
| # include <inttypes.h>
| #endif
| #ifdef HAVE_STDINT_H
| # include <stdint.h>
| #endif
| #ifdef HAVE_UNISTD_H
| # include <unistd.h>
| #endif
| #include <vfork.h>
configure:16625: result: no
configure:16625: checking vfork.h presence
configure:16625: /opt/lsb/bin/lsbc++ -E  conftest.cpp
conftest.cpp:41:19: error: vfork.h: No such file or directory
configure:16625: $? = 1
configure: failed program was:
| /* confdefs.h */
| #define PACKAGE_NAME "PrinterUtility"
| #define PACKAGE_TARNAME "printerutility"
| #define PACKAGE_VERSION "1.0.2"
| #define PACKAGE_STRING "PrinterUtility 1.0.2"
| #define PACKAGE_BUGREPORT "epson@localdomain"
| #define PACKAGE_URL ""
| #define PACKAGE "printerutility"
| #define VERSION "1.0.2"
| #define PACKAGE "printerutility"
| #define VERSION "1.0.2"
| #define LIBUSB_MAJOR_VERSION 0
| #define LIBUSB_MINOR_VERSION 1
| #define LIBUSB_MICRO_VERSION 12
| #define LIBUSB_INTERFACE_AGE 4
| #define LIBUSB_BINARY_AGE 8
| #define STDC_HEADERS 1
| #define HAVE_SYS_TYPES_H 1
| #define HAVE_SYS_STAT_H 1
| #define HAVE_STDLIB_H 1
| #define HAVE_STRING_H 1
| #define HAVE_MEMORY_H 1
| #define HAVE_STRINGS_H 1
| #define HAVE_INTTYPES_H 1
| #define HAVE_STDINT_H 1
| #define HAVE_UNISTD_H 1
| #define HAVE_DLFCN_H 1
| #define LT_OBJDIR ".libs/"
| #define LINUX_API 1
| #define BSD_API 0
| #define DARWIN_API 0
| #define STDC_HEADERS 1
| #define HAVE_VPRINTF 1
| #define HAVE_LIMITS_H 1
| #define HAVE_LIMITS_H 1
| #define HAVE_UNISTD_H 1
| #define HAVE_UNISTD_H 1
| #define HAVE_VALUES_H 1
| #define HAVE_VALUES_H 1
| /* end confdefs.h.  */
| #include <vfork.h>
configure:16625: result: no
configure:16625: checking for vfork.h
configure:16625: result: no
configure:16638: checking for fork
configure:16638: /opt/lsb/bin/lsbc++ -o conftest -g -O2   conftest.cpp  >&5
configure:16638: $? = 0
configure:16638: result: yes
configure:16638: checking for vfork
configure:16638: /opt/lsb/bin/lsbc++ -o conftest -g -O2   conftest.cpp  >&5
configure:16638: $? = 0
configure:16638: result: yes
configure:16649: checking for working fork
configure:16671: /opt/lsb/bin/lsbc++ -o conftest -g -O2   conftest.cpp  >&5
configure:16671: $? = 0
configure:16671: ./conftest
configure:16671: $? = 0
configure:16681: result: yes
configure:16702: checking for working vfork
configure:16812: result: yes
configure:16839: checking for stdlib.h
configure:16839: result: yes
configure:16849: checking for GNU libc compatible malloc
configure:16873: /opt/lsb/bin/lsbc++ -o conftest -g -O2   conftest.cpp  >&5
configure:16873: $? = 0
configure:16873: ./conftest
configure:16873: $? = 0
configure:16883: result: yes
configure:16906: checking for stdlib.h
configure:16906: result: yes
configure:16916: checking for GNU libc compatible realloc
configure:16940: /opt/lsb/bin/lsbc++ -o conftest -g -O2   conftest.cpp  >&5
configure:16940: $? = 0
configure:16940: ./conftest
configure:16940: $? = 0
configure:16950: result: yes
configure:16974: checking sys/select.h usability
configure:16974: /opt/lsb/bin/lsbc++ -c -g -O2  conftest.cpp >&5
configure:16974: $? = 0
configure:16974: result: yes
configure:16974: checking sys/select.h presence
configure:16974: /opt/lsb/bin/lsbc++ -E  conftest.cpp
configure:16974: $? = 0
configure:16974: result: yes
configure:16974: checking for sys/select.h
configure:16974: result: yes
configure:16974: checking sys/socket.h usability
configure:16974: /opt/lsb/bin/lsbc++ -c -g -O2  conftest.cpp >&5
configure:16974: $? = 0
configure:16974: result: yes
configure:16974: checking sys/socket.h presence
configure:16974: /opt/lsb/bin/lsbc++ -E  conftest.cpp
configure:16974: $? = 0
configure:16974: result: yes
configure:16974: checking for sys/socket.h
configure:16974: result: yes
configure:16985: checking types of arguments for select
configure:17013: /opt/lsb/bin/lsbc++ -c -g -O2  conftest.cpp >&5
configure:17013: $? = 0
configure:17024: result: int,fd_set *,struct timeval *
configure:17047: checking return type of signal handlers
configure:17065: /opt/lsb/bin/lsbc++ -c -g -O2  conftest.cpp >&5
conftest.cpp: In function 'int main()':
conftest.cpp:60: error: void value not ignored as it ought to be
configure:17065: $? = 1
configure: failed program was:
| /* confdefs.h */
| #define PACKAGE_NAME "PrinterUtility"
| #define PACKAGE_TARNAME "printerutility"
| #define PACKAGE_VERSION "1.0.2"
| #define PACKAGE_STRING "PrinterUtility 1.0.2"
| #define PACKAGE_BUGREPORT "epson@localdomain"
| #define PACKAGE_URL ""
| #define PACKAGE "printerutility"
| #define VERSION "1.0.2"
| #define PACKAGE "printerutility"
| #define VERSION "1.0.2"
| #define LIBUSB_MAJOR_VERSION 0
| #define LIBUSB_MINOR_VERSION 1
| #define LIBUSB_MICRO_VERSION 12
| #define LIBUSB_INTERFACE_AGE 4
| #define LIBUSB_BINARY_AGE 8
| #define STDC_HEADERS 1
| #define HAVE_SYS_TYPES_H 1
| #define HAVE_SYS_STAT_H 1
| #define HAVE_STDLIB_H 1
| #define HAVE_STRING_H 1
| #define HAVE_MEMORY_H 1
| #define HAVE_STRINGS_H 1
| #define HAVE_INTTYPES_H 1
| #define HAVE_STDINT_H 1
| #define HAVE_UNISTD_H 1
| #define HAVE_DLFCN_H 1
| #define LT_OBJDIR ".libs/"
| #define LINUX_API 1
| #define BSD_API 0
| #define DARWIN_API 0
| #define STDC_HEADERS 1
| #define HAVE_VPRINTF 1
| #define HAVE_LIMITS_H 1
| #define HAVE_LIMITS_H 1
| #define HAVE_UNISTD_H 1
| #define HAVE_UNISTD_H 1
| #define HAVE_VALUES_H 1
| #define HAVE_VALUES_H 1
| #define HAVE_FORK 1
| #define HAVE_VFORK 1
| #define HAVE_WORKING_VFORK 1
| #define HAVE_WORKING_FORK 1
| #define HAVE_STDLIB_H 1
| #define HAVE_MALLOC 1
| #define HAVE_STDLIB_H 1
| #define HAVE_REALLOC 1
| #define HAVE_SYS_SELECT_H 1
| #define HAVE_SYS_SOCKET_H 1
| #define SELECT_TYPE_ARG1 int
| #define SELECT_TYPE_ARG234 (fd_set *)
| #define SELECT_TYPE_ARG5 (struct timeval *)
| /* end confdefs.h.  */
| #include <sys/types.h>
| #include <signal.h>
| 
| int
| main ()
| {
| return *(signal (0, 0)) (0) == 1;
|   ;
|   return 0;
| }
configure:17072: result: void
configure:17082: checking for vprintf
configure:17082: result: yes
configure:17088: checking for _doprnt
configure:17088: result: no
configure:17111: checking for floor
configure:17111: /opt/lsb/bin/lsbc++ -o conftest -g -O2   conftest.cpp  >&5
configure:17111: $? = 0
configure:17111: result: yes
configure:17111: checking for memmove
configure:17111: /opt/lsb/bin/lsbc++ -o conftest -g -O2   conftest.cpp  >&5
configure:17111: $? = 0
configure:17111: result: yes
configure:17111: checking for memset
configure:17111: /opt/lsb/bin/lsbc++ -o conftest -g -O2   conftest.cpp  >&5
configure:17111: $? = 0
configure:17111: result: yes
configure:17111: checking for nl_langinfo
configure:17111: /opt/lsb/bin/lsbc++ -o conftest -g -O2   conftest.cpp  >&5
configure:17111: $? = 0
configure:17111: result: yes
configure:17111: checking for select
configure:17111: /opt/lsb/bin/lsbc++ -o conftest -g -O2   conftest.cpp  >&5
configure:17111: $? = 0
configure:17111: result: yes
configure:17111: checking for setlocale
configure:17111: /opt/lsb/bin/lsbc++ -o conftest -g -O2   conftest.cpp  >&5
configure:17111: $? = 0
configure:17111: result: yes
configure:17111: checking for strdup
configure:17111: /opt/lsb/bin/lsbc++ -o conftest -g -O2   conftest.cpp  >&5
configure:17111: $? = 0
configure:17111: result: yes
configure:17111: checking for strerror
configure:17111: /opt/lsb/bin/lsbc++ -o conftest -g -O2   conftest.cpp  >&5
configure:17111: $? = 0
configure:17111: result: yes
configure:17124: checking for memmove
configure:17124: result: yes
configure:17181: checking for pkg-config
configure:17199: found /usr/bin/pkg-config
configure:17211: result: /usr/bin/pkg-config
configure:17229: checking if we should build the documentation
configure:17238: result: auto
configure:17244: checking for jade
configure:17274: result: no
configure:17282: checking for openjade
configure:17312: result: no
configure:17322: WARNING: Documentation build components not installed. sgml docs will not be built
configure:17513: creating ./config.status

## ---------------------- ##
## Running config.status. ##
## ---------------------- ##

This file was extended by PrinterUtility config.status 1.0.2, which was
generated by GNU Autoconf 2.65.  Invocation command line was

  CONFIG_FILES    = 
  CONFIG_HEADERS  = 
  CONFIG_LINKS    = 
  CONFIG_COMMANDS = 
  $ ./config.status 

on build

config.status:1202: creating Makefile
config.status:1202: creating PrinterUtility/Makefile
config.status:1202: creating PrinterUtility/Languages/Makefile
config.status:1202: creating EPSCommonLib/Makefile
config.status:1202: creating config.h
config.status:1422: executing depfiles commands
config.status:1422: executing libtool commands

## ---------------- ##
## Cache variables. ##
## ---------------- ##

ac_cv_build=i686-pc-linux-gnu
ac_cv_c_bigendian=no
ac_cv_c_compiler_gnu=yes
ac_cv_c_const=yes
ac_cv_cxx_compiler_gnu=yes
ac_cv_env_CCC_set=
ac_cv_env_CCC_value=
ac_cv_env_CC_set=
ac_cv_env_CC_value=
ac_cv_env_CFLAGS_set=
ac_cv_env_CFLAGS_value=
ac_cv_env_CPPFLAGS_set=
ac_cv_env_CPPFLAGS_value=
ac_cv_env_CPP_set=
ac_cv_env_CPP_value=
ac_cv_env_CXXCPP_set=
ac_cv_env_CXXCPP_value=
ac_cv_env_CXXFLAGS_set=
ac_cv_env_CXXFLAGS_value=
ac_cv_env_CXX_set=
ac_cv_env_CXX_value=
ac_cv_env_LDFLAGS_set=
ac_cv_env_LDFLAGS_value=
ac_cv_env_LIBS_set=
ac_cv_env_LIBS_value=
ac_cv_env_build_alias_set=
ac_cv_env_build_alias_value=
ac_cv_env_host_alias_set=
ac_cv_env_host_alias_value=
ac_cv_env_target_alias_set=
ac_cv_env_target_alias_value=
ac_cv_func__doprnt=no
ac_cv_func_floor=yes
ac_cv_func_fork=yes
ac_cv_func_fork_works=yes
ac_cv_func_malloc_0_nonnull=yes
ac_cv_func_memmove=yes
ac_cv_func_memset=yes
ac_cv_func_nl_langinfo=yes
ac_cv_func_realloc_0_nonnull=yes
ac_cv_func_select=yes
ac_cv_func_select_args='int,fd_set *,struct timeval *'
ac_cv_func_setlocale=yes
ac_cv_func_strdup=yes
ac_cv_func_strerror=yes
ac_cv_func_vfork=yes
ac_cv_func_vfork_works=yes
ac_cv_func_vprintf=yes
ac_cv_header_dlfcn_h=yes
ac_cv_header_inttypes_h=yes
ac_cv_header_limits_h=yes
ac_cv_header_memory_h=yes
ac_cv_header_stdc=yes
ac_cv_header_stdint_h=yes
ac_cv_header_stdlib_h=yes
ac_cv_header_string_h=yes
ac_cv_header_strings_h=yes
ac_cv_header_sys_select_h=yes
ac_cv_header_sys_socket_h=yes
ac_cv_header_sys_stat_h=yes
ac_cv_header_sys_types_h=yes
ac_cv_header_unistd_h=yes
ac_cv_header_values_h=yes
ac_cv_header_vfork_h=no
ac_cv_host=i686-pc-linux-gnu
ac_cv_objext=o
ac_cv_path_EGREP='/bin/grep -E'
ac_cv_path_FGREP='/bin/grep -F'
ac_cv_path_GREP=/bin/grep
ac_cv_path_PKG_CONFIG=/usr/bin/pkg-config
ac_cv_path_SED=/bin/sed
ac_cv_path_install='/usr/bin/install -c'
ac_cv_path_mkdir=/bin/mkdir
ac_cv_prog_AWK=gawk
ac_cv_prog_CPP='/opt/lsb/bin/lsbc++ -E'
ac_cv_prog_CXXCPP='/opt/lsb/bin/lsbc++ -E'
ac_cv_prog_ac_ct_AR=ar
ac_cv_prog_ac_ct_CC=/opt/lsb/bin/lsbc++
ac_cv_prog_ac_ct_OBJDUMP=objdump
ac_cv_prog_ac_ct_RANLIB=ranlib
ac_cv_prog_ac_ct_STRIP=strip
ac_cv_prog_cc__opt_lsb_bin_lsbc___c_o=yes
ac_cv_prog_cc_c89=no
ac_cv_prog_cc_g=yes
ac_cv_prog_cxx_g=yes
ac_cv_prog_make_make_set=yes
ac_cv_type_pid_t=yes
ac_cv_type_signal=void
am_cv_CC_dependencies_compiler_type=gcc3
am_cv_CXX_dependencies_compiler_type=gcc3
lt_cv_deplibs_check_method=pass_all
lt_cv_file_magic_cmd='$MAGIC_CMD'
lt_cv_file_magic_test_file=
lt_cv_ld_reload_flag=-r
lt_cv_nm_interface='BSD nm'
lt_cv_objdir=.libs
lt_cv_path_LD=/usr/bin/ld
lt_cv_path_LDCXX=/usr/bin/ld
lt_cv_path_NM='/usr/bin/nm -B'
lt_cv_prog_compiler_c_o=yes
lt_cv_prog_compiler_c_o_CXX=yes
lt_cv_prog_compiler_pic_works=yes
lt_cv_prog_compiler_pic_works_CXX=yes
lt_cv_prog_compiler_rtti_exceptions=yes
lt_cv_prog_compiler_static_works=no
lt_cv_prog_compiler_static_works_CXX=no
lt_cv_prog_gnu_ld=yes
lt_cv_prog_gnu_ldcxx=yes
lt_cv_sys_global_symbol_pipe='sed -n -e '\''s/^.*[	 ]\([ABCDGIRSTW][ABCDGIRSTW]*\)[	 ][	 ]*\([_A-Za-z][_A-Za-z0-9]*\)$/\1 \2 \2/p'\'''
lt_cv_sys_global_symbol_to_c_name_address='sed -n -e '\''s/^: \([^ ]*\) $/  {\"\1\", (void *) 0},/p'\'' -e '\''s/^[ABCDGIRSTW]* \([^ ]*\) \([^ ]*\)$/  {"\2", (void *) \&\2},/p'\'''
lt_cv_sys_global_symbol_to_c_name_address_lib_prefix='sed -n -e '\''s/^: \([^ ]*\) $/  {\"\1\", (void *) 0},/p'\'' -e '\''s/^[ABCDGIRSTW]* \([^ ]*\) \(lib[^ ]*\)$/  {"\2", (void *) \&\2},/p'\'' -e '\''s/^[ABCDGIRSTW]* \([^ ]*\) \([^ ]*\)$/  {"lib\2", (void *) \&\2},/p'\'''
lt_cv_sys_global_symbol_to_cdecl='sed -n -e '\''s/^T .* \(.*\)$/extern int \1();/p'\'' -e '\''s/^[ABCDGIRSTW]* .* \(.*\)$/extern char \1;/p'\'''
lt_cv_sys_max_cmd_len=1572864

## ----------------- ##
## Output variables. ##
## ----------------- ##

ACLOCAL='${SHELL} /home/epson/LSB.Utility/utility/epson-printer-utility-1.0.2/missing --run aclocal-1.11'
AMDEPBACKSLASH='\'
AMDEP_FALSE='#'
AMDEP_TRUE=''
AMTAR='${SHELL} /home/epson/LSB.Utility/utility/epson-printer-utility-1.0.2/missing --run tar'
AR='ar'
ARCH_CON_FALSE=''
ARCH_CON_TRUE='#'
AUTOCONF='${SHELL} /home/epson/LSB.Utility/utility/epson-printer-utility-1.0.2/missing --run autoconf'
AUTOHEADER='${SHELL} /home/epson/LSB.Utility/utility/epson-printer-utility-1.0.2/missing --run autoheader'
AUTOMAKE='${SHELL} /home/epson/LSB.Utility/utility/epson-printer-utility-1.0.2/missing --run automake-1.11'
AWK='gawk'
BIGENDIAN='0'
BSD_API='0'
BSD_API_FALSE=''
BSD_API_TRUE='#'
BUILD_DOCS_FALSE=''
BUILD_DOCS_TRUE='#'
CC='/opt/lsb/bin/lsbc++'
CCDEPMODE='depmode=gcc3'
CFLAGS='-g -O2 -g -Wall'
CPP='/opt/lsb/bin/lsbc++ -E'
CPPFLAGS=''
CXX='/opt/lsb/bin/lsbc++'
CXXCPP='/opt/lsb/bin/lsbc++ -E'
CXXDEPMODE='depmode=gcc3'
CXXFLAGS='-g -O2'
CYGPATH_W='echo'
DARWIN_API='0'
DARWIN_API_FALSE=''
DARWIN_API_TRUE='#'
DEFS='-DHAVE_CONFIG_H'
DEPDIR='.deps'
DSYMUTIL=''
DUMPBIN=''
ECHO_C=''
ECHO_N='-n'
ECHO_T=''
EGREP='/bin/grep -E'
ELSE='else'
ENDIF='endif'
EPS_PREFIX='epson-printer'
EPS_SHELL_DIR=''
EXEEXT=''
FGREP='/bin/grep -F'
GREP='/bin/grep'
INSTALL_DATA='${INSTALL} -m 644'
INSTALL_PROGRAM='${INSTALL}'
INSTALL_SCRIPT='${INSTALL}'
INSTALL_STRIP_PROGRAM='$(install_sh) -c -s'
JADE=''
LD='/usr/bin/ld'
LDFLAGS=''
LIBARCH='lib'
LIBOBJS=''
LIBS=''
LIBTOOL='$(SHELL) $(top_builddir)/libtool'
LIBUSB_BINARY_AGE='8'
LIBUSB_INTERFACE_AGE='4'
LIBUSB_MAJOR_VERSION='0'
LIBUSB_MICRO_VERSION='12'
LIBUSB_MINOR_VERSION='1'
LIBUSB_VERSION='1.0.2'
LINUX_API='1'
LINUX_API_FALSE='#'
LINUX_API_TRUE=''
LIPO=''
LN_S='ln -s'
LTLIBOBJS=''
LT_AGE='4'
LT_CURRENT='8'
LT_RELEASE='0.1'
LT_REVISION='4'
MAKEINFO='${SHELL} /home/epson/LSB.Utility/utility/epson-printer-utility-1.0.2/missing --run makeinfo'
MKDIR_P='/bin/mkdir -p'
NM='/usr/bin/nm -B'
NMEDIT=''
OBJDUMP='objdump'
OBJEXT='o'
OSLIBS=''
OTOOL64=''
OTOOL=''
PACKAGE='printerutility'
PACKAGE_BUGREPORT='epson@localdomain'
PACKAGE_NAME='epson-printer-utility'
PACKAGE_STRING='PrinterUtility 1.0.2'
PACKAGE_TARNAME='printerutility'
PACKAGE_URL=''
PACKAGE_VERSION='1.0.2'
PATH_SEPARATOR=':'
PKG_CONFIG='/usr/bin/pkg-config'
RANLIB='ranlib'
SED='/bin/sed'
SET_MAKE=''
SHELL='/bin/bash'
STRIP='strip'
VERSION='1.0.2'
ac_ct_CC='/opt/lsb/bin/lsbc++'
ac_ct_CXX=''
ac_ct_DUMPBIN=''
am__EXEEXT_FALSE=''
am__EXEEXT_TRUE='#'
am__fastdepCC_FALSE='#'
am__fastdepCC_TRUE=''
am__fastdepCXX_FALSE='#'
am__fastdepCXX_TRUE=''
am__include='include'
am__isrc=''
am__leading_dot='.'
am__quote=''
am__tar='${AMTAR} chof - "$$tardir"'
am__untar='${AMTAR} xf -'
bindir='${exec_prefix}/bin'
build='i686-pc-linux-gnu'
build_alias=''
build_cpu='i686'
build_os='linux-gnu'
build_vendor='pc'
datadir='${datarootdir}'
datarootdir='${prefix}/share'
docdir='${datarootdir}/doc/${PACKAGE_TARNAME}'
dvidir='${docdir}'
exec_prefix='${prefix}'
host='i686-pc-linux-gnu'
host_alias=''
host_cpu='i686'
host_os='linux-gnu'
host_vendor='pc'
htmldir='${docdir}'
includedir='${prefix}/include'
infodir='${datarootdir}/info'
install_sh='${SHELL} /home/epson/LSB.Utility/utility/epson-printer-utility-1.0.2/install-sh'
libdir='${exec_prefix}/lib'
libexecdir='${exec_prefix}/libexec'
localedir='${datarootdir}/locale'
localstatedir='${prefix}/var'
lt_ECHO='echo'
mandir='${datarootdir}/man'
mkdir_p='/bin/mkdir -p'
oldincludedir='/usr/include'
pdfdir='${docdir}'
pkgconfigdir='${exec_prefix}/lib/pkgconfig'
prefix='/usr/local'
program_transform_name='s,x,x,'
psdir='${docdir}'
sbindir='${exec_prefix}/sbin'
sharedstatedir='${prefix}/com'
sysconfdir='${prefix}/etc'
target_alias=''

## ----------- ##
## confdefs.h. ##
## ----------- ##

/* confdefs.h */
#define PACKAGE_NAME "PrinterUtility"
#define PACKAGE_TARNAME "printerutility"
#define PACKAGE_VERSION "1.0.2"
#define PACKAGE_STRING "PrinterUtility 1.0.2"
#define PACKAGE_BUGREPORT "epson@localdomain"
#define PACKAGE_URL ""
#define PACKAGE "printerutility"
#define VERSION "1.0.2"
#define PACKAGE "printerutility"
#define VERSION "1.0.2"
#define LIBUSB_MAJOR_VERSION 0
#define LIBUSB_MINOR_VERSION 1
#define LIBUSB_MICRO_VERSION 12
#define LIBUSB_INTERFACE_AGE 4
#define LIBUSB_BINARY_AGE 8
#define STDC_HEADERS 1
#define HAVE_SYS_TYPES_H 1
#define HAVE_SYS_STAT_H 1
#define HAVE_STDLIB_H 1
#define HAVE_STRING_H 1
#define HAVE_MEMORY_H 1
#define HAVE_STRINGS_H 1
#define HAVE_INTTYPES_H 1
#define HAVE_STDINT_H 1
#define HAVE_UNISTD_H 1
#define HAVE_DLFCN_H 1
#define LT_OBJDIR ".libs/"
#define LINUX_API 1
#define BSD_API 0
#define DARWIN_API 0
#define STDC_HEADERS 1
#define HAVE_VPRINTF 1
#define HAVE_LIMITS_H 1
#define HAVE_LIMITS_H 1
#define HAVE_UNISTD_H 1
#define HAVE_UNISTD_H 1
#define HAVE_VALUES_H 1
#define HAVE_VALUES_H 1
#define HAVE_FORK 1
#define HAVE_VFORK 1
#define HAVE_WORKING_VFORK 1
#define HAVE_WORKING_FORK 1
#define HAVE_STDLIB_H 1
#define HAVE_MALLOC 1
#define HAVE_STDLIB_H 1
#define HAVE_REALLOC 1
#define HAVE_SYS_SELECT_H 1
#define HAVE_SYS_SOCKET_H 1
#define SELECT_TYPE_ARG1 int
#define SELECT_TYPE_ARG234 (fd_set *)
#define SELECT_TYPE_ARG5 (struct timeval *)
#define RETSIGTYPE void
#define HAVE_VPRINTF 1
#define HAVE_FLOOR 1
#define HAVE_MEMMOVE 1
#define HAVE_MEMSET 1
#define HAVE_NL_LANGINFO 1
#define HAVE_SELECT 1
#define HAVE_SETLOCALE 1
#define HAVE_STRDUP 1
#define HAVE_STRERROR 1
#define HAVE_MEMMOVE 1

configure: exit 0
